<?xml version="1.0" encoding="UTF-8"?>
<!-- Generated by org.testng.reporters.JUnitXMLReporter -->
<testsuite ignored="0" hostname="ARPL-059" failures="0" tests="4" name="Default test" time="118.887" errors="0" timestamp="2023-01-05T15:19:13 IST">
  <testcase classname="LicenseCompanyadmin.InternalTC" name="Login" time="28.223"/>
  <testcase classname="LicenseCompanyadmin.InternalTC" name="AllFilter" time="10.751"/>
  <testcase classname="LicenseCompanyadmin.InternalTC" name="RejectedInternalInternalLicense" time="43.625"/>
  <testcase classname="LicenseCompanyadmin.InternalTC" name="TerminateInternalInternalLicense" time="24.376"/>
</testsuite> <!-- Default test -->
